[debug] [2026-04-04T09:22:12.311Z] ----------------------------------------------------------------------
[debug] [2026-04-04T09:22:12.314Z] Command:       C:\Program Files\nodejs\node.exe C:\Users\brice\AppData\Roaming\npm\node_modules\firebase-tools\lib\bin\firebase.js deploy
[debug] [2026-04-04T09:22:12.314Z] CLI Version:   15.12.0
[debug] [2026-04-04T09:22:12.314Z] Platform:      win32
[debug] [2026-04-04T09:22:12.314Z] Node Version:  v22.12.0
[debug] [2026-04-04T09:22:12.315Z] Time:          Sat Apr 04 2026 11:22:12 GMT+0200 (heure d’été d’Europe centrale)
[debug] [2026-04-04T09:22:12.315Z] ----------------------------------------------------------------------
[debug] 
[debug] [2026-04-04T09:22:14.074Z] > command requires scopes: ["email","openid","https://www.googleapis.com/auth/cloudplatformprojects.readonly","https://www.googleapis.com/auth/firebase","https://www.googleapis.com/auth/cloud-platform"]
[debug] [2026-04-04T09:22:14.075Z] > authorizing via signed-in user (brice.lecomte0@gmail.com)
[debug] [2026-04-04T09:22:14.075Z] [iam] checking project portfolio-brice for permissions ["firebase.projects.get","firebasehosting.sites.update"]
[debug] [2026-04-04T09:22:14.076Z] Checked if tokens are valid: true, expires at: 1775296670542
[debug] [2026-04-04T09:22:14.076Z] Checked if tokens are valid: true, expires at: 1775296670542
[debug] [2026-04-04T09:22:14.077Z] >>> [apiv2][query] POST https://cloudresourcemanager.googleapis.com/v1/projects/portfolio-brice:testIamPermissions [none]
[debug] [2026-04-04T09:22:14.077Z] >>> [apiv2][(partial)header] POST https://cloudresourcemanager.googleapis.com/v1/projects/portfolio-brice:testIamPermissions  x-goog-user-project=portfolio-brice
[debug] [2026-04-04T09:22:14.077Z] >>> [apiv2][body] POST https://cloudresourcemanager.googleapis.com/v1/projects/portfolio-brice:testIamPermissions {"permissions":["firebase.projects.get","firebasehosting.sites.update"]}
[debug] [2026-04-04T09:22:14.733Z] <<< [apiv2][status] POST https://cloudresourcemanager.googleapis.com/v1/projects/portfolio-brice:testIamPermissions 200
[debug] [2026-04-04T09:22:14.734Z] <<< [apiv2][body] POST https://cloudresourcemanager.googleapis.com/v1/projects/portfolio-brice:testIamPermissions {"permissions":["firebase.projects.get","firebasehosting.sites.update"]}
[debug] [2026-04-04T09:22:14.734Z] Checked if tokens are valid: true, expires at: 1775296670542
[debug] [2026-04-04T09:22:14.734Z] Checked if tokens are valid: true, expires at: 1775296670542
[debug] [2026-04-04T09:22:14.734Z] >>> [apiv2][query] GET https://firebase.googleapis.com/v1beta1/projects/portfolio-brice [none]
[debug] [2026-04-04T09:22:15.031Z] <<< [apiv2][status] GET https://firebase.googleapis.com/v1beta1/projects/portfolio-brice 200
[debug] [2026-04-04T09:22:15.032Z] <<< [apiv2][body] GET https://firebase.googleapis.com/v1beta1/projects/portfolio-brice {"projectId":"portfolio-brice","projectNumber":"761514454449","displayName":"Portfolio","name":"projects/portfolio-brice","resources":{"hostingSite":"portfolio-brice"},"state":"ACTIVE","etag":"1_434aa5c4-2cc0-4bae-bb9e-a8ddc5bbdd9e"}
[info] 
[info] === Deploying to 'portfolio-brice'...
[info] 
[info] i  deploying hosting 
[debug] [2026-04-04T09:22:15.035Z] Checked if tokens are valid: true, expires at: 1775296670542
[debug] [2026-04-04T09:22:15.035Z] Checked if tokens are valid: true, expires at: 1775296670542
[debug] [2026-04-04T09:22:15.035Z] >>> [apiv2][query] POST https://firebasehosting.googleapis.com/v1beta1/projects/-/sites/portfolio-brice/versions [none]
[debug] [2026-04-04T09:22:15.035Z] >>> [apiv2][body] POST https://firebasehosting.googleapis.com/v1beta1/projects/-/sites/portfolio-brice/versions {"status":"CREATED","labels":{"deployment-tool":"cli-firebase"}}
